Arguments: 
  C:\Program Files\nodejs\node.exe C:\Users\kondr\AppData\Roaming\npm\node_modules\yarn\bin\yarn.js init .

PATH: 
  C:\Program Files\Eclipse Adoptium\jdk-11.0.16.101-hotspot\bin;C:\WINDOWS\system32;C:\WINDOWS;C:\WINDOWS\System32\Wbem;C:\WINDOWS\System32\WindowsPowerShell\v1.0\;C:\WINDOWS\System32\OpenSSH\;C:\Program Files\nodejs\;C:\ProgramData\chocolatey\bin;C:\Program Files\Git\cmd;C:\Users\kondr\AppData\Local\Microsoft\WindowsApps;C:\Users\kondr\AppData\Roaming\npm;C:\Users\kondr\AppData\Local\GitHubDesktop\bin;C:\Users\kondr\AppData\Local\Android\Sdk\platform-tools;C:\Users\kondr\AppData\Local\JetBrains\Toolbox\scripts;C:\Users\kondr\AppData\Local\Microsoft\WindowsApps;C:\MinGW\bin;;D:\Discord-Dashboard\node_modules\.bin

Yarn version: 
  1.22.19

Node version: 
  16.17.1

Platform: 
  win32 x64

Trace: 
  Error: canceled
      at Interface.<anonymous> (C:\Users\kondr\AppData\Roaming\npm\node_modules\yarn\lib\cli.js:137150:13)
      at Interface.emit (node:events:513:28)
      at Interface._ttyWrite (node:readline:1085:16)
      at ReadStream.onkeypress (node:readline:291:10)
      at ReadStream.emit (node:events:513:28)
      at emitKeys (node:internal/readline/utils:357:14)
      at emitKeys.next (<anonymous>)
      at ReadStream.onData (node:internal/readline/emitKeypressEvents:61:36)
      at ReadStream.emit (node:events:513:28)
      at addChunk (node:internal/streams/readable:315:12)

npm manifest: 
  No manifest

yarn manifest: 
  No manifest

Lockfile: 
  No lockfile
